<?xml version="1.0" encoding="UTF-8"?>
<!-- Generated by org.testng.reporters.JUnitXMLReporter -->
<testsuite ignored="0" hostname="DESKTOP-QTQ43G6" failures="0" tests="1" name="Test" time="1.968" errors="0" timestamp="2026-04-20T10:19:52 IST">
  <testcase classname="com.actitime.generic.BaseClass" name="@BeforeMethod login" time="0.003">
    <failure type="java.io.FileNotFoundException" message="C:\Users\AMIN\eclipse-workspace\project\Actitimej\src\test\resources\Data (Access is denied)">
      <![CDATA[java.io.FileNotFoundException: C:\Users\AMIN\eclipse-workspace\project\Actitimej\src\test\resources\Data (Access is denied)
at java.base/java.io.FileInputStream.open0(Native Method)
at java.base/java.io.FileInputStream.open(FileInputStream.java:213)
at java.base/java.io.FileInputStream.<init>(FileInputStream.java:152)
at java.base/java.io.FileInputStream.<init>(FileInputStream.java:106)
at com.actitime.generic.FileLib.getPropertyData(FileLib.java:24)
at com.actitime.generic.BaseClass.login(BaseClass.java:40)
at java.base/java.util.ArrayList.forEach(ArrayList.java:1596)
... Removed 29 stack frames]]>
    </failure>
  </testcase> <!-- @BeforeMethod login -->
  <testcase classname="com.actitime.generic.BaseClass" name="@AfterClass closeBrowser" time="0.0">
    <skipped/>
  </testcase> <!-- @AfterClass closeBrowser -->
  <testcase classname="com.actitime.testscript.CreateCustomer" name="testCreateCustomer" time="0.001">
    <skipped/>
  </testcase> <!-- testCreateCustomer -->
</testsuite> <!-- Test -->
