<?xml version="1.0" encoding="UTF-8"?>
<testng-results ignored="0" total="1" passed="1" failed="0" skipped="0">
  <reporter-output>
    <line>
      <![CDATA[Open Browser]]>
    </line>
    <line>
      <![CDATA[Open Browser]]>
    </line>
    <line>
      <![CDATA[CreateCustomer]]>
    </line>
    <line>
      <![CDATA[Open Browser]]>
    </line>
  </reporter-output>
  <suite started-at="2026-04-20T12:29:38 IST" name="Suite" finished-at="2026-04-20T12:29:47 IST" duration-ms="8446">
    <groups>
    </groups>
    <test started-at="2026-04-20T12:29:38 IST" name="Test" finished-at="2026-04-20T12:29:47 IST" duration-ms="8446">
      <class name="com.actitimej.testscript.CreateCustomer">
        <test-method is-config="true" signature="openBrowser()[pri:0, instance:com.actitimej.testscript.CreateCustomer@63a65a25]" started-at="2026-04-20T12:29:38 IST" name="openBrowser" finished-at="2026-04-20T12:29:41 IST" duration-ms="2858" status="PASS">
          <reporter-output>
            <line>
              <![CDATA[Open Browser]]>
            </line>
          </reporter-output>
        </test-method> <!-- openBrowser -->
        <test-method is-config="true" signature="login()[pri:0, instance:com.actitimej.testscript.CreateCustomer@63a65a25]" started-at="2026-04-20T12:29:41 IST" name="login" finished-at="2026-04-20T12:29:42 IST" duration-ms="672" status="PASS">
          <reporter-output>
            <line>
              <![CDATA[Open Browser]]>
            </line>
          </reporter-output>
        </test-method> <!-- login -->
        <test-method signature="testCreateCustomer()[pri:0, instance:com.actitimej.testscript.CreateCustomer@63a65a25]" started-at="2026-04-20T12:29:42 IST" name="testCreateCustomer" finished-at="2026-04-20T12:29:47 IST" duration-ms="4768" status="PASS">
          <reporter-output>
            <line>
              <![CDATA[CreateCustomer]]>
            </line>
          </reporter-output>
        </test-method> <!-- testCreateCustomer -->
        <test-method is-config="true" signature="closeBrowser()[pri:0, instance:com.actitimej.testscript.CreateCustomer@63a65a25]" started-at="2026-04-20T12:29:47 IST" name="closeBrowser" finished-at="2026-04-20T12:29:47 IST" duration-ms="98" status="PASS">
          <reporter-output>
            <line>
              <![CDATA[Open Browser]]>
            </line>
          </reporter-output>
        </test-method> <!-- closeBrowser -->
      </class> <!-- com.actitimej.testscript.CreateCustomer -->
    </test> <!-- Test -->
  </suite> <!-- Suite -->
</testng-results>
