<?xml version="1.0" encoding="UTF-8"?>
<testng-results ignored="0" total="1" passed="1" failed="0" skipped="0">
  <reporter-output>
  </reporter-output>
  <suite started-at="2026-04-07T11:16:37 IST" name="Default suite" finished-at="2026-04-07T11:16:37 IST" duration-ms="98">
    <groups>
    </groups>
    <test started-at="2026-04-07T11:16:37 IST" name="Default test" finished-at="2026-04-07T11:16:37 IST" duration-ms="98">
      <class name="com.actitime.testscript.CampaignModule">
        <test-method signature="testCreateCamapaign()[pri:0, instance:com.actitime.testscript.CampaignModule@443118b0]" started-at="2026-04-07T11:16:37 IST" name="testCreateCamapaign" finished-at="2026-04-07T11:16:37 IST" duration-ms="27" status="PASS">
          <reporter-output>
          </reporter-output>
        </test-method> <!-- testCreateCamapaign -->
      </class> <!-- com.actitime.testscript.CampaignModule -->
    </test> <!-- Default test -->
  </suite> <!-- Default suite -->
</testng-results>
