<?xml version="1.0" encoding="UTF-8"?>
<testng-results ignored="0" total="1" passed="1" failed="0" skipped="0">
  <reporter-output>
    <line>
      <![CDATA[Campaign]]>
    </line>
  </reporter-output>
  <suite started-at="2026-04-16T17:19:35 IST" name="TestSuite" finished-at="2026-04-16T17:19:35 IST" duration-ms="205">
    <groups>
    </groups>
    <test started-at="2026-04-16T17:19:35 IST" name="Test" finished-at="2026-04-16T17:19:35 IST" duration-ms="205">
      <class name="com.actitime.testscript.CampaignModule">
        <test-method signature="CreateCamapaignTest()[pri:0, instance:com.actitime.testscript.CampaignModule@443118b0]" started-at="2026-04-16T17:19:35 IST" name="CreateCamapaignTest" finished-at="2026-04-16T17:19:35 IST" duration-ms="35" status="PASS">
          <reporter-output>
            <line>
              <![CDATA[Campaign]]>
            </line>
          </reporter-output>
        </test-method> <!-- CreateCamapaignTest -->
      </class> <!-- com.actitime.testscript.CampaignModule -->
    </test> <!-- Test -->
  </suite> <!-- TestSuite -->
</testng-results>
