<?xml version="1.0" encoding="UTF-8"?>
<!-- Generated by org.testng.reporters.JUnitReportReporter -->
<testsuite hostname="DESKTOP-QTQ43G6" failures="0" tests="1" name="com.actitimej.testscript.CreateCustomer" time="6.308" errors="0" timestamp="2026-04-20T11:35:20 IST" skipped="0">
  <testcase classname="com.actitimej.testscript.CreateCustomer" name="testCreateCustomer" time="6.308">
    <system-out>
      <![CDATA[CreateCustomer]]>
    </system-out>
  </testcase> <!-- testCreateCustomer -->
  <system-out>
    <![CDATA[Open Browser
Open Browser
CreateCustomer
Open Browser]]>
  </system-out>
</testsuite> <!-- com.actitimej.testscript.CreateCustomer -->
