<?xml version="1.0" encoding="UTF-8"?>
<!-- Generated by org.testng.reporters.JUnitReportReporter -->
<testsuite hostname="DESKTOP-QTQ43G6" failures="0" tests="1" name="com.actitime.testscript.CampaignModule" time="0.012" errors="0" timestamp="2026-04-16T17:25:50 IST" skipped="0">
  <testcase classname="com.actitime.testscript.CampaignModule" name="CreateCamapaignTest" time="0.012">
    <system-out>
      <![CDATA[Campaign]]>
    </system-out>
  </testcase> <!-- CreateCamapaignTest -->
  <system-out>
    <![CDATA[Campaign]]>
  </system-out>
</testsuite> <!-- com.actitime.testscript.CampaignModule -->
